<?xml version="1.0" encoding="UTF-8"?>
<!-- Generated by org.testng.reporters.JUnitXMLReporter -->
<testsuite ignored="0" hostname="DESKTOP-QBUSVFT" failures="1" tests="1" name="Test" time="0.185" errors="0" timestamp="2022-06-27T22:11:24 IST">
  <testcase classname="com.auto.testcases.LoginTest" name="LoginTestMethod" time="0.099">
    <failure type="java.lang.NullPointerException" message="Cannot invoke &amp;quot;org.apache.poi.xssf.usermodel.XSSFCell.getStringCellValue()&amp;quot; because the return value of &amp;quot;org.apache.poi.xssf.usermodel.XSSFRow.getCell(int)&amp;quot; is null">
      <![CDATA[java.lang.NullPointerException: Cannot invoke "org.apache.poi.xssf.usermodel.XSSFCell.getStringCellValue()" because the return value of "org.apache.poi.xssf.usermodel.XSSFRow.getCell(int)" is null
at com.auto.utility.ExcelDataProvider.getStringData(ExcelDataProvider.java:26)
at com.auto.testcases.LoginTest.LoginTestMethod(LoginTest.java:21)
at java.base/java.util.ArrayList.forEach(ArrayList.java:1511)
... Removed 25 stack frames]]>
    </failure>
  </testcase> <!-- LoginTestMethod -->
</testsuite> <!-- Test -->
